Loading and checking parameter files for compatibility...
cpptraj found! Using /home/oleg/amber/bin/cpptraj
sander found! Using /home/oleg/amber/bin/sander
Preparing trajectories for simulation...
1500 frames were processed by cpptraj for use in calculation.

Running calculations on normal system...

Beginning GB calculations with /home/oleg/amber/bin/sander
  calculating complex contribution...
  calculating receptor contribution...
  calculating ligand contribution...

Timing:
Total setup time:                           0.000 hr.
Creating trajectories with cpptraj:         0.019 hr.
Total calculation time:                     1.065 hr.

Total GB calculation time:                  1.065 hr.

Statistics calculation & output writing:    0.379 hr.
Total time taken:                           1.473 hr.


MMPBSA.py Finished! Thank you for using. Please cite us if you publish this work with this paper:
   Miller III, B. R., McGee Jr., T. D., Swails, J. M. Homeyer, N. Gohlke, H. and Roitberg, A. E.
   J. Chem. Theory Comput., 2012, 8 (9) pp 3314--3321
Loading and checking parameter files for compatibility...
cpptraj found! Using /home/oleg/amber/bin/cpptraj
sander found! Using /home/oleg/amber/bin/sander
Preparing trajectories for simulation...
1500 frames were processed by cpptraj for use in calculation.

Running calculations on normal system...

Beginning GB calculations with /home/oleg/amber/bin/sander
  calculating complex contribution...
  calculating receptor contribution...
  calculating ligand contribution...

Timing:
Total setup time:                           0.000 hr.
Creating trajectories with cpptraj:         0.014 hr.
Total calculation time:                     1.083 hr.

Total GB calculation time:                  1.075 hr.

Statistics calculation & output writing:    0.394 hr.
Total time taken:                           1.500 hr.


MMPBSA.py Finished! Thank you for using. Please cite us if you publish this work with this paper:
   Miller III, B. R., McGee Jr., T. D., Swails, J. M. Homeyer, N. Gohlke, H. and Roitberg, A. E.
   J. Chem. Theory Comput., 2012, 8 (9) pp 3314--3321
